zsh: command not found: 0
zsh: command not found: 0
✅ 
✅ [main 828dee3] Daily commit: 2025-07-22
 1 file changed, 1 insertion(+)
✅ 
✅ 
✅ [main e7c72ec] Daily commit: 2025-07-22
 2 files changed, 5 insertions(+)
❌ Error: git@github.com: Permission denied (publickey).
fatal: Could not read from remote repository.

Please make sure you have the correct access rights
and the repository exists.
✅ 
✅ [main fd4cbd3] Daily commit: 2025-07-22
 2 files changed, 9 insertions(+)
❌ Error: git@github.com: Permission denied (publickey).
fatal: Could not read from remote repository.

Please make sure you have the correct access rights
and the repository exists.
